<?xml version="1.0" encoding="UTF-8"?>
<!-- Generated by org.testng.reporters.JUnitReportReporter -->
<testsuite skipped="0" hostname="Venkatesh" name="org.parallelExecution.Parallel" tests="4" failures="0" timestamp="11 Oct 2022 04:00:54 GMT" time="36.246" errors="0">
  <testcase name="instagram" time="5.546" classname="org.parallelExecution.Parallel"/>
  <testcase name="flipkart" time="13.052" classname="org.parallelExecution.Parallel"/>
  <testcase name="facebook" time="6.748" classname="org.parallelExecution.Parallel"/>
  <testcase name="adactionhotel" time="10.900" classname="org.parallelExecution.Parallel"/>
</testsuite> <!-- org.parallelExecution.Parallel -->
