<?xml version="1.0" encoding="UTF-8"?>
<!-- Generated by org.testng.reporters.JUnitReportReporter -->
<testsuite skipped="0" hostname="Venkatesh" name="org.group.Group" tests="1" failures="0" timestamp="12 Oct 2022 04:49:57 GMT" time="0.019" errors="0">
  <testcase name="test01" time="0.019" classname="org.group.Group"/>
</testsuite> <!-- org.group.Group -->
