<?xml version="1.0" encoding="UTF-8"?>
<!-- Generated by org.testng.reporters.JUnitReportReporter -->
<testsuite skipped="0" hostname="Venkatesh" name="org.testngclass.ClassB" tests="1" failures="0" timestamp="09 Oct 2022 08:34:33 GMT" time="0.010" errors="0">
  <testcase name="test9" time="0.010" classname="org.testngclass.ClassB"/>
</testsuite> <!-- org.testngclass.ClassB -->
