<?xml version="1.0" encoding="UTF-8"?>
<!-- Generated by org.testng.reporters.JUnitReportReporter -->
<testsuite skipped="0" hostname="Venkatesh" name="org.group.ClassA" tests="6" failures="0" timestamp="11 Oct 2022 12:23:01 GMT" time="0.029" errors="0">
  <testcase name="test4" time="0.002" classname="org.group.ClassA"/>
  <testcase name="test5" time="0.006" classname="org.group.ClassA"/>
  <testcase name="test1" time="0.015" classname="org.group.ClassA"/>
  <testcase name="test6" time="0.002" classname="org.group.ClassA"/>
  <testcase name="test3" time="0.002" classname="org.group.ClassA"/>
  <testcase name="test2" time="0.002" classname="org.group.ClassA"/>
</testsuite> <!-- org.group.ClassA -->
