<?xml version="1.0" encoding="UTF-8"?>
<!-- Generated by org.testng.reporters.JUnitReportReporter -->
<testsuite skipped="0" hostname="Venkatesh" name="org.parallelExecution.Dataprovider" tests="3" failures="0" timestamp="11 Oct 2022 11:38:07 GMT" time="17.939" errors="0">
  <testcase name="login" time="3.649" classname="org.parallelExecution.Dataprovider"/>
  <testcase name="login" time="3.218" classname="org.parallelExecution.Dataprovider"/>
  <testcase name="login" time="11.072" classname="org.parallelExecution.Dataprovider"/>
</testsuite> <!-- org.parallelExecution.Dataprovider -->
