<?xml version="1.0" encoding="UTF-8"?>
<!-- Generated by org.testng.reporters.JUnitReportReporter -->
<testsuite skipped="0" hostname="Venkatesh" name="com.datapro.Parameterprog" tests="1" failures="0" timestamp="11 Oct 2022 13:49:14 GMT" time="8.586" errors="0">
  <testcase name="login" time="8.586" classname="com.datapro.Parameterprog"/>
</testsuite> <!-- com.datapro.Parameterprog -->
